<?xml version="1.0" encoding="UTF-8" ?>
<testsuite skipped="0" tests="4" failures="0" errors="0" name="au.com.nab.calculator.service.CalculatorServiceTest" time="0.063">
  <properties>
[...]
</properties>
  <testcase classname="au.com.nab.calculator.service.CalculatorServiceTest" name="testAdd" time="0.031"/>
  <testcase classname="au.com.nab.calculator.service.CalculatorServiceTest" name="testSubtract" time="0"/>
  <testcase classname="au.com.nab.calculator.service.CalculatorServiceTest" name="testDivide" time="0"/>
  <testcase classname="au.com.nab.calculator.service.CalculatorServiceTest" name="testMultiply" time="0"/>
</testsuite>